<?xml version="1.0" encoding="UTF-8"?>
<!-- Generated by org.testng.reporters.JUnitReportReporter -->
<testsuite hostname="DESKTOP-UGDTAH3" failures="0" tests="1" name="TestCases.HomePage" time="2.277" errors="0" timestamp="18 May 2021 07:48:21 GMT" skipped="0">
  <testcase classname="TestCases.HomePage" name="signup_click" time="2.277"/>
</testsuite> <!-- TestCases.HomePage -->
